unityLibrary/build/intermediates/manifest_merge_blame_file/debug/manifest-merger-blame-debug-report.txt
1<?xml version="1.0" encoding="utf-8"?>
2<!-- GENERATED BY UNITY. REMOVE THIS COMMENT TO PREVENT OVERWRITING WHEN EXPORTING AGAIN -->
3<manifest xmlns:android="http://schemas.android.com/apk/res/android"
4    xmlns:tools="http://schemas.android.com/tools"
5    package="com.unity3d.player"
6    android:versionCode="1"
7    android:versionName="1.0" >
8
9    <uses-sdk
10        android:minSdkVersion="19"
10-->src/main/AndroidManifest.xml
11        android:targetSdkVersion="28" />
11-->src/main/AndroidManifest.xml
12
13    <uses-feature android:glEsVersion="0x00030000" />
13-->src/main/AndroidManifest.xml:18:3-52
13-->src/main/AndroidManifest.xml:18:17-49
14    <uses-feature
14-->src/main/AndroidManifest.xml:19:3-91
15        android:name="android.hardware.vulkan.version"
15-->src/main/AndroidManifest.xml:19:17-63
16        android:required="false" />
16-->src/main/AndroidManifest.xml:19:64-88
17    <uses-feature
17-->src/main/AndroidManifest.xml:20:3-88
18        android:name="android.hardware.touchscreen"
18-->src/main/AndroidManifest.xml:20:17-60
19        android:required="false" />
19-->src/main/AndroidManifest.xml:20:61-85
20    <uses-feature
20-->src/main/AndroidManifest.xml:21:3-99
21        android:name="android.hardware.touchscreen.multitouch"
21-->src/main/AndroidManifest.xml:21:17-71
22        android:required="false" />
22-->src/main/AndroidManifest.xml:21:72-96
23    <uses-feature
23-->src/main/AndroidManifest.xml:22:3-108
24        android:name="android.hardware.touchscreen.multitouch.distinct"
24-->src/main/AndroidManifest.xml:22:17-80
25        android:required="false" />
25-->src/main/AndroidManifest.xml:22:81-105
26
27    <application>
27-->src/main/AndroidManifest.xml:4:3-17:17
28        <activity
28-->src/main/AndroidManifest.xml:5:5-12:16
29            android:name="com.unity3d.player.UnityPlayerActivity"
29-->src/main/AndroidManifest.xml:5:15-68
30            android:configChanges="mcc|mnc|locale|touchscreen|keyboard|keyboardHidden|navigation|orientation|screenLayout|uiMode|screenSize|smallestScreenSize|fontScale|layoutDirection|density"
30-->src/main/AndroidManifest.xml:5:182-363
31            android:hardwareAccelerated="false"
31-->src/main/AndroidManifest.xml:5:364-399
32            android:launchMode="singleTask"
32-->src/main/AndroidManifest.xml:5:150-181
33            android:screenOrientation="fullSensor"
33-->src/main/AndroidManifest.xml:5:111-149
34            android:theme="@style/UnityThemeSelector" >
34-->src/main/AndroidManifest.xml:5:69-110
35
36            <!-- <intent-filter> -->
37            <!-- <action android:name="android.intent.action.MAIN" /> -->
38            <!-- <category android:name="android.intent.category.LAUNCHER" /> -->
39            <!-- </intent-filter> -->
40            <meta-data
40-->src/main/AndroidManifest.xml:10:7-82
41                android:name="unityplayer.UnityActivity"
41-->src/main/AndroidManifest.xml:10:18-58
42                android:value="true" />
42-->src/main/AndroidManifest.xml:10:59-79
43            <meta-data
43-->src/main/AndroidManifest.xml:11:7-78
44                android:name="android.notch_support"
44-->src/main/AndroidManifest.xml:11:18-54
45                android:value="true" />
45-->src/main/AndroidManifest.xml:11:55-75
46        </activity>
47
48        <meta-data
48-->src/main/AndroidManifest.xml:13:5-69
49            android:name="unity.splash-mode"
49-->src/main/AndroidManifest.xml:13:16-48
50            android:value="0" />
50-->src/main/AndroidManifest.xml:13:49-66
51        <meta-data
51-->src/main/AndroidManifest.xml:14:5-74
52            android:name="unity.splash-enable"
52-->src/main/AndroidManifest.xml:14:16-50
53            android:value="True" />
53-->src/main/AndroidManifest.xml:14:51-71
54        <meta-data
54-->src/main/AndroidManifest.xml:15:5-81
55            android:name="notch.config"
55-->src/main/AndroidManifest.xml:15:16-43
56            android:value="portrait|landscape" />
56-->src/main/AndroidManifest.xml:15:44-78
57        <meta-data
57-->src/main/AndroidManifest.xml:16:5-101
58            android:name="unity.build-id"
58-->src/main/AndroidManifest.xml:16:16-45
59            android:value="8344b72f-2b64-4530-a7bc-dc4dc2cd820d" />
59-->src/main/AndroidManifest.xml:16:46-98
60    </application>
61
62</manifest>